{
  "RSpec": {
    "coverage": {
      "/Users/samanthaivari/turing/3mod/rails-engine/app/models/invoice.rb": {
        "lines": [
          1,
          1,
          1,
          1,
          1,
          1,
          null,
          1,
          1,
          null,
          null,
          null,
          null
        ]
      },
      "/Users/samanthaivari/turing/3mod/rails-engine/spec/requests/api/v1/items_request_spec.rb": {
        "lines": [
          1,
          null,
          1,
          1,
          1,
          1,
          3,
          null,
          1,
          2,
          null,
          1,
          1,
          null,
          null,
          1,
          null,
          1,
          null,
          1,
          null,
          1,
          null,
          1,
          6,
          6,
          null,
          6,
          6,
          null,
          6,
          6,
          null,
          6,
          6,
          null,
          6,
          6,
          null,
          6,
          6,
          null,
          null,
          null,
          1,
          1,
          1,
          null,
          1,
          null,
          1,
          null,
          1,
          null,
          1,
          1,
          1,
          1,
          1,
          1,
          1,
          1,
          1,
          1,
          null,
          null,
          1,
          1,
          1,
          1,
          null,
          1,
          null,
          null,
          1,
          1,
          1,
          1,
          1,
          null,
          1,
          null,
          null,
          1,
          1,
          1,
          1,
          1,
          null,
          1,
          null,
          1,
          1,
          2,
          null,
          null,
          1,
          1,
          1,
          1,
          null,
          1,
          null,
          1,
          null,
          1,
          1,
          1,
          null,
          null,
          1,
          1,
          1,
          null,
          1,
          null,
          1,
          1,
          1,
          null,
          null
        ]
      },
      "/Users/samanthaivari/turing/3mod/rails-engine/spec/requests/api/v1/merchant_items_request_spec.rb": {
        "lines": [
          1,
          1,
          2,
          2,
          2,
          null,
          1,
          1,
          null,
          1,
          null,
          1,
          1,
          null,
          1,
          2,
          2,
          null,
          2,
          2,
          null,
          2,
          2,
          null,
          2,
          2,
          null,
          2,
          2,
          null,
          2,
          2,
          null,
          null,
          null
        ]
      },
      "/Users/samanthaivari/turing/3mod/rails-engine/spec/requests/api/v1/merchants_request_spec.rb": {
        "lines": [
          1,
          null,
          1,
          1,
          1,
          null,
          1,
          null,
          1,
          null,
          1,
          null,
          1,
          null,
          1,
          null,
          1,
          5,
          5,
          null,
          null,
          null,
          1,
          1,
          null,
          1,
          null,
          1,
          null,
          1,
          null,
          1,
          1,
          1,
          null,
          null
        ]
      },
      "/Users/samanthaivari/turing/3mod/rails-engine/app/models/customer.rb": {
        "lines": [
          1,
          1,
          1,
          1,
          1,
          null
        ]
      },
      "/Users/samanthaivari/turing/3mod/rails-engine/app/models/transaction.rb": {
        "lines": [
          1,
          1,
          null
        ]
      },
      "/Users/samanthaivari/turing/3mod/rails-engine/app/models/invoice_item.rb": {
        "lines": [
          1,
          1,
          1,
          null
        ]
      },
      "/Users/samanthaivari/turing/3mod/rails-engine/app/models/merchant.rb": {
        "lines": [
          1,
          1,
          1,
          null
        ]
      },
      "/Users/samanthaivari/turing/3mod/rails-engine/app/controllers/api/v1/items_controller.rb": {
        "lines": [
          1,
          1,
          1,
          null,
          null,
          1,
          2,
          null,
          null,
          1,
          1,
          null,
          null,
          1,
          1,
          null,
          null,
          1,
          1,
          null,
          null,
          1,
          null,
          1,
          2,
          null,
          null
        ]
      },
      "/Users/samanthaivari/turing/3mod/rails-engine/app/controllers/application_controller.rb": {
        "lines": [
          1,
          1,
          1,
          null
        ]
      },
      "/Users/samanthaivari/turing/3mod/rails-engine/app/controllers/concerns/response.rb": {
        "lines": [
          1,
          1,
          2,
          1,
          1,
          1,
          null,
          null,
          null
        ]
      },
      "/Users/samanthaivari/turing/3mod/rails-engine/app/controllers/concerns/exception_handler.rb": {
        "lines": [
          1,
          1,
          1,
          1,
          1,
          null,
          null,
          null
        ]
      },
      "/Users/samanthaivari/turing/3mod/rails-engine/app/serializers/item_serializer.rb": {
        "lines": [
          1,
          1,
          1,
          1,
          1,
          null
        ]
      },
      "/Users/samanthaivari/turing/3mod/rails-engine/app/controllers/api/v1/item_merchant_controller.rb": {
        "lines": [
          1,
          1,
          1,
          1,
          null,
          null
        ]
      },
      "/Users/samanthaivari/turing/3mod/rails-engine/app/serializers/merchant_serializer.rb": {
        "lines": [
          1,
          1,
          1,
          1,
          1,
          null
        ]
      },
      "/Users/samanthaivari/turing/3mod/rails-engine/app/controllers/api/v1/merchant_items_controller.rb": {
        "lines": [
          1,
          1,
          1,
          1,
          null,
          null
        ]
      },
      "/Users/samanthaivari/turing/3mod/rails-engine/app/controllers/api/v1/merchants_controller.rb": {
        "lines": [
          1,
          1,
          1,
          null,
          null,
          1,
          1,
          null,
          null
        ]
      }
    },
    "timestamp": 1649193144
  }
}
